<?xml version="1.0" encoding="UTF-8"?>
<testsuite xmlns:xsi="http://www.w3.org/2001/XMLSchema-instance" xsi:schemaLocation="https://maven.apache.org/surefire/maven-surefire-plugin/xsd/surefire-test-report.xsd" name="TestPlaceDisk" time="0" tests="2" errors="0" skipped="0" failures="1">
  <properties>
[...]
</properties>
  <testcase name="TestPlaceDisk" classname="TestPlaceDisk" time="0"/>
  <testcase name="TestAIPlace" classname="TestPlaceDisk" time="0">
    <failure message="expected:&lt;1&gt; but was:&lt;0&gt;" type="java.lang.AssertionError"><![CDATA[java.lang.AssertionError: expected:<1> but was:<0>
	at TestPlaceDisk.TestAIPlace(TestPlaceDisk.java:21)
]]></failure>
  </testcase>
</testsuite>