-------------------------------------------------------------------------------
Test set: TestCheck
-------------------------------------------------------------------------------
Tests run: 3, Failures: 1, Errors: 0, Skipped: 0, Time elapsed: 0.32 sec <<< FAILURE! - in TestCheck
checkWin(TestCheck)  Time elapsed: 0.001 sec  <<< FAILURE!
java.lang.AssertionError: expected:<0> but was:<1>
	at TestCheck.checkWin(TestCheck.java:16)

